<?xml version="1.0" encoding="UTF-8"?>
<testsuite name="com.bmcl.numbers.ListSorterTest" tests="2" skipped="0" failures="0" errors="0" timestamp="2022-10-08T18:04:00" hostname="PT-8HGPSQ3" time="0.001">
  <properties/>
  <testcase name="search_bug()" classname="com.bmcl.numbers.ListSorterTest" time="0.001"/>
  <testcase name="sort()" classname="com.bmcl.numbers.ListSorterTest" time="0.0"/>
  <system-out><![CDATA[]]></system-out>
  <system-err><![CDATA[]]></system-err>
</testsuite>
