<?xml version="1.0" encoding="UTF-8"?>
<testsuite name="com.bmcl.numbers.ListAggregatorTest" tests="4" skipped="0" failures="0" errors="0" timestamp="2022-09-29T15:13:31" hostname="PT-8HGPSQ3" time="0.013">
  <properties/>
  <testcase name="max()" classname="com.bmcl.numbers.ListAggregatorTest" time="0.01"/>
  <testcase name="min()" classname="com.bmcl.numbers.ListAggregatorTest" time="0.0"/>
  <testcase name="sum()" classname="com.bmcl.numbers.ListAggregatorTest" time="0.0"/>
  <testcase name="distinct()" classname="com.bmcl.numbers.ListAggregatorTest" time="0.001"/>
  <system-out><![CDATA[]]></system-out>
  <system-err><![CDATA[]]></system-err>
</testsuite>
