<?xml version="1.0" encoding="UTF-8"?>
<testsuite name="com.bmcl.numbers.ListFiltersTest" tests="2" skipped="0" failures="0" errors="0" timestamp="2022-10-08T18:04:00" hostname="PT-8HGPSQ3" time="0.003">
  <properties/>
  <testcase name="dividedby()" classname="com.bmcl.numbers.ListFiltersTest" time="0.002"/>
  <testcase name="positives()" classname="com.bmcl.numbers.ListFiltersTest" time="0.001"/>
  <system-out><![CDATA[]]></system-out>
  <system-err><![CDATA[]]></system-err>
</testsuite>
